This is pdfTeX, Version 3.14159265-2.6-1.40.16 (MiKTeX 2.9) (preloaded format=pdflatex 2015.11.16)  14 FEB 2016 21:01
entering extended mode
**informe.tex
(informe.tex
LaTeX2e <2015/01/01> patch level 2
Babel <3.9m> and hyphenation patterns for 69 languages loaded.
("C:\Program Files (x86)\MiKTeX 2.9\tex\latex\base\report.cls"
Document Class: report 2014/09/29 v1.4h Standard LaTeX document class
("C:\Program Files (x86)\MiKTeX 2.9\tex\latex\base\size11.clo"
File: size11.clo 2014/09/29 v1.4h Standard LaTeX file (size option)
)
\c@part=\count79
\c@chapter=\count80
\c@section=\count81
\c@subsection=\count82
\c@subsubsection=\count83
\c@paragraph=\count84
\c@subparagraph=\count85
\c@figure=\count86
\c@table=\count87
\abovecaptionskip=\skip41
\belowcaptionskip=\skip42
\bibindent=\dimen102
)
("C:\Program Files (x86)\MiKTeX 2.9\tex\latex\base\inputenc.sty"
Package: inputenc 2015/03/17 v1.2c Input encoding file
\inpenc@prehook=\toks14
\inpenc@posthook=\toks15

("C:\Program Files (x86)\MiKTeX 2.9\tex\latex\base\utf8.def"
File: utf8.def 2015/06/27 v1.1n UTF-8 support for inputenc
Now handling font encoding OML ...
... no UTF-8 mapping file for font encoding OML
Now handling font encoding T1 ...
... processing UTF-8 mapping file for font encoding T1

("C:\Program Files (x86)\MiKTeX 2.9\tex\latex\base\t1enc.dfu"
File: t1enc.dfu 2015/06/27 v1.1n UTF-8 support for inputenc
   defining Unicode char U+00A1 (decimal 161)
   defining Unicode char U+00A3 (decimal 163)
   defining Unicode char U+00AB (decimal 171)
   defining Unicode char U+00BB (decimal 187)
   defining Unicode char U+00BF (decimal 191)
   defining Unicode char U+00C0 (decimal 192)
   defining Unicode char U+00C1 (decimal 193)
   defining Unicode char U+00C2 (decimal 194)
   defining Unicode char U+00C3 (decimal 195)
   defining Unicode char U+00C4 (decimal 196)
   defining Unicode char U+00C5 (decimal 197)
   defining Unicode char U+00C6 (decimal 198)
   defining Unicode char U+00C7 (decimal 199)
   defining Unicode char U+00C8 (decimal 200)
   defining Unicode char U+00C9 (decimal 201)
   defining Unicode char U+00CA (decimal 202)
   defining Unicode char U+00CB (decimal 203)
   defining Unicode char U+00CC (decimal 204)
   defining Unicode char U+00CD (decimal 205)
   defining Unicode char U+00CE (decimal 206)
   defining Unicode char U+00CF (decimal 207)
   defining Unicode char U+00D0 (decimal 208)
   defining Unicode char U+00D1 (decimal 209)
   defining Unicode char U+00D2 (decimal 210)
   defining Unicode char U+00D3 (decimal 211)
   defining Unicode char U+00D4 (decimal 212)
   defining Unicode char U+00D5 (decimal 213)
   defining Unicode char U+00D6 (decimal 214)
   defining Unicode char U+00D8 (decimal 216)
   defining Unicode char U+00D9 (decimal 217)
   defining Unicode char U+00DA (decimal 218)
   defining Unicode char U+00DB (decimal 219)
   defining Unicode char U+00DC (decimal 220)
   defining Unicode char U+00DD (decimal 221)
   defining Unicode char U+00DE (decimal 222)
   defining Unicode char U+00DF (decimal 223)
   defining Unicode char U+00E0 (decimal 224)
   defining Unicode char U+00E1 (decimal 225)
   defining Unicode char U+00E2 (decimal 226)
   defining Unicode char U+00E3 (decimal 227)
   defining Unicode char U+00E4 (decimal 228)
   defining Unicode char U+00E5 (decimal 229)
   defining Unicode char U+00E6 (decimal 230)
   defining Unicode char U+00E7 (decimal 231)
   defining Unicode char U+00E8 (decimal 232)
   defining Unicode char U+00E9 (decimal 233)
   defining Unicode char U+00EA (decimal 234)
   defining Unicode char U+00EB (decimal 235)
   defining Unicode char U+00EC (decimal 236)
   defining Unicode char U+00ED (decimal 237)
   defining Unicode char U+00EE (decimal 238)
   defining Unicode char U+00EF (decimal 239)
   defining Unicode char U+00F0 (decimal 240)
   defining Unicode char U+00F1 (decimal 241)
   defining Unicode char U+00F2 (decimal 242)
   defining Unicode char U+00F3 (decimal 243)
   defining Unicode char U+00F4 (decimal 244)
   defining Unicode char U+00F5 (decimal 245)
   defining Unicode char U+00F6 (decimal 246)
   defining Unicode char U+00F8 (decimal 248)
   defining Unicode char U+00F9 (decimal 249)
   defining Unicode char U+00FA (decimal 250)
   defining Unicode char U+00FB (decimal 251)
   defining Unicode char U+00FC (decimal 252)
   defining Unicode char U+00FD (decimal 253)
   defining Unicode char U+00FE (decimal 254)
   defining Unicode char U+00FF (decimal 255)
   defining Unicode char U+0102 (decimal 258)
   defining Unicode char U+0103 (decimal 259)
   defining Unicode char U+0104 (decimal 260)
   defining Unicode char U+0105 (decimal 261)
   defining Unicode char U+0106 (decimal 262)
   defining Unicode char U+0107 (decimal 263)
   defining Unicode char U+010C (decimal 268)
   defining Unicode char U+010D (decimal 269)
   defining Unicode char U+010E (decimal 270)
   defining Unicode char U+010F (decimal 271)
   defining Unicode char U+0110 (decimal 272)
   defining Unicode char U+0111 (decimal 273)
   defining Unicode char U+0118 (decimal 280)
   defining Unicode char U+0119 (decimal 281)
   defining Unicode char U+011A (decimal 282)
   defining Unicode char U+011B (decimal 283)
   defining Unicode char U+011E (decimal 286)
   defining Unicode char U+011F (decimal 287)
   defining Unicode char U+0130 (decimal 304)
   defining Unicode char U+0131 (decimal 305)
   defining Unicode char U+0132 (decimal 306)
   defining Unicode char U+0133 (decimal 307)
   defining Unicode char U+0139 (decimal 313)
   defining Unicode char U+013A (decimal 314)
   defining Unicode char U+013D (decimal 317)
   defining Unicode char U+013E (decimal 318)
   defining Unicode char U+0141 (decimal 321)
   defining Unicode char U+0142 (decimal 322)
   defining Unicode char U+0143 (decimal 323)
   defining Unicode char U+0144 (decimal 324)
   defining Unicode char U+0147 (decimal 327)
   defining Unicode char U+0148 (decimal 328)
   defining Unicode char U+014A (decimal 330)
   defining Unicode char U+014B (decimal 331)
   defining Unicode char U+0150 (decimal 336)
   defining Unicode char U+0151 (decimal 337)
   defining Unicode char U+0152 (decimal 338)
   defining Unicode char U+0153 (decimal 339)
   defining Unicode char U+0154 (decimal 340)
   defining Unicode char U+0155 (decimal 341)
   defining Unicode char U+0158 (decimal 344)
   defining Unicode char U+0159 (decimal 345)
   defining Unicode char U+015A (decimal 346)
   defining Unicode char U+015B (decimal 347)
   defining Unicode char U+015E (decimal 350)
   defining Unicode char U+015F (decimal 351)
   defining Unicode char U+0160 (decimal 352)
   defining Unicode char U+0161 (decimal 353)
   defining Unicode char U+0162 (decimal 354)
   defining Unicode char U+0163 (decimal 355)
   defining Unicode char U+0164 (decimal 356)
   defining Unicode char U+0165 (decimal 357)
   defining Unicode char U+016E (decimal 366)
   defining Unicode char U+016F (decimal 367)
   defining Unicode char U+0170 (decimal 368)
   defining Unicode char U+0171 (decimal 369)
   defining Unicode char U+0178 (decimal 376)
   defining Unicode char U+0179 (decimal 377)
   defining Unicode char U+017A (decimal 378)
   defining Unicode char U+017B (decimal 379)
   defining Unicode char U+017C (decimal 380)
   defining Unicode char U+017D (decimal 381)
   defining Unicode char U+017E (decimal 382)
   defining Unicode char U+200C (decimal 8204)
   defining Unicode char U+2013 (decimal 8211)
   defining Unicode char U+2014 (decimal 8212)
   defining Unicode char U+2018 (decimal 8216)
   defining Unicode char U+2019 (decimal 8217)
   defining Unicode char U+201A (decimal 8218)
   defining Unicode char U+201C (decimal 8220)
   defining Unicode char U+201D (decimal 8221)
   defining Unicode char U+201E (decimal 8222)
   defining Unicode char U+2030 (decimal 8240)
   defining Unicode char U+2031 (decimal 8241)
   defining Unicode char U+2039 (decimal 8249)
   defining Unicode char U+203A (decimal 8250)
   defining Unicode char U+2423 (decimal 9251)
)
Now handling font encoding OT1 ...
... processing UTF-8 mapping file for font encoding OT1

("C:\Program Files (x86)\MiKTeX 2.9\tex\latex\base\ot1enc.dfu"
File: ot1enc.dfu 2015/06/27 v1.1n UTF-8 support for inputenc
   defining Unicode char U+00A1 (decimal 161)
   defining Unicode char U+00A3 (decimal 163)
   defining Unicode char U+00B8 (decimal 184)
   defining Unicode char U+00BF (decimal 191)
   defining Unicode char U+00C5 (decimal 197)
   defining Unicode char U+00C6 (decimal 198)
   defining Unicode char U+00D8 (decimal 216)
   defining Unicode char U+00DF (decimal 223)
   defining Unicode char U+00E6 (decimal 230)
   defining Unicode char U+00EC (decimal 236)
   defining Unicode char U+00ED (decimal 237)
   defining Unicode char U+00EE (decimal 238)
   defining Unicode char U+00EF (decimal 239)
   defining Unicode char U+00F8 (decimal 248)
   defining Unicode char U+0131 (decimal 305)
   defining Unicode char U+0141 (decimal 321)
   defining Unicode char U+0142 (decimal 322)
   defining Unicode char U+0152 (decimal 338)
   defining Unicode char U+0153 (decimal 339)
   defining Unicode char U+2013 (decimal 8211)
   defining Unicode char U+2014 (decimal 8212)
   defining Unicode char U+2018 (decimal 8216)
   defining Unicode char U+2019 (decimal 8217)
   defining Unicode char U+201C (decimal 8220)
   defining Unicode char U+201D (decimal 8221)
)
Now handling font encoding OMS ...
... processing UTF-8 mapping file for font encoding OMS

("C:\Program Files (x86)\MiKTeX 2.9\tex\latex\base\omsenc.dfu"
File: omsenc.dfu 2015/06/27 v1.1n UTF-8 support for inputenc
   defining Unicode char U+00A7 (decimal 167)
   defining Unicode char U+00B6 (decimal 182)
   defining Unicode char U+00B7 (decimal 183)
   defining Unicode char U+2020 (decimal 8224)
   defining Unicode char U+2021 (decimal 8225)
   defining Unicode char U+2022 (decimal 8226)
)
Now handling font encoding OMX ...
... no UTF-8 mapping file for font encoding OMX
Now handling font encoding U ...
... no UTF-8 mapping file for font encoding U
   defining Unicode char U+00A9 (decimal 169)
   defining Unicode char U+00AA (decimal 170)
   defining Unicode char U+00AE (decimal 174)
   defining Unicode char U+00BA (decimal 186)
   defining Unicode char U+02C6 (decimal 710)
   defining Unicode char U+02DC (decimal 732)
   defining Unicode char U+200C (decimal 8204)
   defining Unicode char U+2026 (decimal 8230)
   defining Unicode char U+2122 (decimal 8482)
   defining Unicode char U+2423 (decimal 9251)
))
("C:\Program Files (x86)\MiKTeX 2.9\tex\latex\graphics\graphicx.sty"
Package: graphicx 2014/10/28 v1.0g Enhanced LaTeX Graphics (DPC,SPQR)

("C:\Program Files (x86)\MiKTeX 2.9\tex\latex\graphics\keyval.sty"
Package: keyval 2014/10/28 v1.15 key=value parser (DPC)
\KV@toks@=\toks16
)
("C:\Program Files (x86)\MiKTeX 2.9\tex\latex\graphics\graphics.sty"
Package: graphics 2014/10/28 v1.0p Standard LaTeX Graphics (DPC,SPQR)

("C:\Program Files (x86)\MiKTeX 2.9\tex\latex\graphics\trig.sty"
Package: trig 1999/03/16 v1.09 sin cos tan (DPC)
)
("C:\Program Files (x86)\MiKTeX 2.9\tex\latex\00miktex\graphics.cfg"
File: graphics.cfg 2007/01/18 v1.5 graphics configuration of teTeX/TeXLive
)
Package graphics Info: Driver file: pdftex.def on input line 94.

("C:\Program Files (x86)\MiKTeX 2.9\tex\latex\pdftex-def\pdftex.def"
File: pdftex.def 2011/05/27 v0.06d Graphics/color for pdfTeX

("C:\Program Files (x86)\MiKTeX 2.9\tex\generic\oberdiek\infwarerr.sty"
Package: infwarerr 2010/04/08 v1.3 Providing info/warning/error messages (HO)
)
("C:\Program Files (x86)\MiKTeX 2.9\tex\generic\oberdiek\ltxcmds.sty"
Package: ltxcmds 2011/11/09 v1.22 LaTeX kernel commands for general use (HO)
)
\Gread@gobject=\count88
))
\Gin@req@height=\dimen103
\Gin@req@width=\dimen104
)
("C:\Program Files (x86)\MiKTeX 2.9\tex\latex\titlesec\titlesec.sty"
Package: titlesec 2011/12/15 v2.10.0 Sectioning titles
\ttl@box=\box26
\beforetitleunit=\skip43
\aftertitleunit=\skip44
\ttl@plus=\dimen105
\ttl@minus=\dimen106
\ttl@toksa=\toks17
\titlewidth=\dimen107
\titlewidthlast=\dimen108
\titlewidthfirst=\dimen109
)
("C:\Program Files (x86)\MiKTeX 2.9\tex\latex\pgfplots\pgfplots.sty"
("C:\Program Files (x86)\MiKTeX 2.9\tex\generic\pgfplots\pgfplots.revision.tex"
)
Package: pgfplots 2016/01/06 v1.13 Data Visualization (1.13)
 ("C:\Program Files (x86)\MiKTeX 2.9\tex\latex\pgf\frontendlayer\tikz.sty"
("C:\Program Files (x86)\MiKTeX 2.9\tex\latex\pgf\basiclayer\pgf.sty"
("C:\Program Files (x86)\MiKTeX 2.9\tex\latex\pgf\utilities\pgfrcs.sty"
("C:\Program Files (x86)\MiKTeX 2.9\tex\generic\pgf\utilities\pgfutil-common.te
x"
\pgfutil@everybye=\toks18
\pgfutil@tempdima=\dimen110
\pgfutil@tempdimb=\dimen111

("C:\Program Files (x86)\MiKTeX 2.9\tex\generic\pgf\utilities\pgfutil-common-li
sts.tex"))
("C:\Program Files (x86)\MiKTeX 2.9\tex\generic\pgf\utilities\pgfutil-latex.def
"
\pgfutil@abb=\box27
 ("C:\Program Files (x86)\MiKTeX 2.9\tex\latex\ms\everyshi.sty"
Package: everyshi 2001/05/15 v3.00 EveryShipout Package (MS)
))
("C:\Program Files (x86)\MiKTeX 2.9\tex\generic\pgf\utilities\pgfrcs.code.tex"
Package: pgfrcs 2015/08/07 v3.0.1a (rcs-revision 1.31)
))
Package: pgf 2015/08/07 v3.0.1a (rcs-revision 1.15)
 ("C:\Program Files (x86)\MiKTeX 2.9\tex\latex\pgf\basiclayer\pgfcore.sty"
("C:\Program Files (x86)\MiKTeX 2.9\tex\latex\pgf\systemlayer\pgfsys.sty"
("C:\Program Files (x86)\MiKTeX 2.9\tex\generic\pgf\systemlayer\pgfsys.code.tex
"
Package: pgfsys 2014/07/09 v3.0.1a (rcs-revision 1.48)
 ("C:\Program Files (x86)\MiKTeX 2.9\tex\generic\pgf\utilities\pgfkeys.code.tex
"
\pgfkeys@pathtoks=\toks19
\pgfkeys@temptoks=\toks20

("C:\Program Files (x86)\MiKTeX 2.9\tex\generic\pgf\utilities\pgfkeysfiltered.c
ode.tex"
\pgfkeys@tmptoks=\toks21
))
\pgf@x=\dimen112
\pgf@y=\dimen113
\pgf@xa=\dimen114
\pgf@ya=\dimen115
\pgf@xb=\dimen116
\pgf@yb=\dimen117
\pgf@xc=\dimen118
\pgf@yc=\dimen119
\w@pgf@writea=\write3
\r@pgf@reada=\read1
\c@pgf@counta=\count89
\c@pgf@countb=\count90
\c@pgf@countc=\count91
\c@pgf@countd=\count92
\t@pgf@toka=\toks22
\t@pgf@tokb=\toks23
\t@pgf@tokc=\toks24

("C:\Program Files (x86)\MiKTeX 2.9\tex\generic\pgf\systemlayer\pgf.cfg"
File: pgf.cfg 2008/05/14  (rcs-revision 1.7)
)
Driver file for pgf: pgfsys-pdftex.def

("C:\Program Files (x86)\MiKTeX 2.9\tex\generic\pgf\systemlayer\pgfsys-pdftex.d
ef"
File: pgfsys-pdftex.def 2014/10/11  (rcs-revision 1.35)

("C:\Program Files (x86)\MiKTeX 2.9\tex\generic\pgf\systemlayer\pgfsys-common-p
df.def"
File: pgfsys-common-pdf.def 2013/10/10  (rcs-revision 1.13)
)))
("C:\Program Files (x86)\MiKTeX 2.9\tex\generic\pgf\systemlayer\pgfsyssoftpath.
code.tex"
File: pgfsyssoftpath.code.tex 2013/09/09  (rcs-revision 1.9)
\pgfsyssoftpath@smallbuffer@items=\count93
\pgfsyssoftpath@bigbuffer@items=\count94
)
("C:\Program Files (x86)\MiKTeX 2.9\tex\generic\pgf\systemlayer\pgfsysprotocol.
code.tex"
File: pgfsysprotocol.code.tex 2006/10/16  (rcs-revision 1.4)
)) ("C:\Program Files (x86)\MiKTeX 2.9\tex\latex\xcolor\xcolor.sty"
Package: xcolor 2007/01/21 v2.11 LaTeX color extensions (UK)

("C:\Program Files (x86)\MiKTeX 2.9\tex\latex\00miktex\color.cfg"
File: color.cfg 2007/01/18 v1.5 color configuration of teTeX/TeXLive
)
Package xcolor Info: Driver file: pdftex.def on input line 225.
Package xcolor Info: Model `cmy' substituted by `cmy0' on input line 1337.
Package xcolor Info: Model `hsb' substituted by `rgb' on input line 1341.
Package xcolor Info: Model `RGB' extended on input line 1353.
Package xcolor Info: Model `HTML' substituted by `rgb' on input line 1355.
Package xcolor Info: Model `Hsb' substituted by `hsb' on input line 1356.
Package xcolor Info: Model `tHsb' substituted by `hsb' on input line 1357.
Package xcolor Info: Model `HSB' substituted by `hsb' on input line 1358.
Package xcolor Info: Model `Gray' substituted by `gray' on input line 1359.
Package xcolor Info: Model `wave' substituted by `hsb' on input line 1360.
)
("C:\Program Files (x86)\MiKTeX 2.9\tex\generic\pgf\basiclayer\pgfcore.code.tex
"
Package: pgfcore 2010/04/11 v3.0.1a (rcs-revision 1.7)
 ("C:\Program Files (x86)\MiKTeX 2.9\tex\generic\pgf\math\pgfmath.code.tex"
("C:\Program Files (x86)\MiKTeX 2.9\tex\generic\pgf\math\pgfmathcalc.code.tex"
("C:\Program Files (x86)\MiKTeX 2.9\tex\generic\pgf\math\pgfmathutil.code.tex")
("C:\Program Files (x86)\MiKTeX 2.9\tex\generic\pgf\math\pgfmathparser.code.tex
"
\pgfmath@dimen=\dimen120
\pgfmath@count=\count95
\pgfmath@box=\box28
\pgfmath@toks=\toks25
\pgfmath@stack@operand=\toks26
\pgfmath@stack@operation=\toks27
)
("C:\Program Files (x86)\MiKTeX 2.9\tex\generic\pgf\math\pgfmathfunctions.code.
tex"
("C:\Program Files (x86)\MiKTeX 2.9\tex\generic\pgf\math\pgfmathfunctions.basic
.code.tex")
("C:\Program Files (x86)\MiKTeX 2.9\tex\generic\pgf\math\pgfmathfunctions.trigo
nometric.code.tex")
("C:\Program Files (x86)\MiKTeX 2.9\tex\generic\pgf\math\pgfmathfunctions.rando
m.code.tex")
("C:\Program Files (x86)\MiKTeX 2.9\tex\generic\pgf\math\pgfmathfunctions.compa
rison.code.tex")
("C:\Program Files (x86)\MiKTeX 2.9\tex\generic\pgf\math\pgfmathfunctions.base.
code.tex")
("C:\Program Files (x86)\MiKTeX 2.9\tex\generic\pgf\math\pgfmathfunctions.round
.code.tex")
("C:\Program Files (x86)\MiKTeX 2.9\tex\generic\pgf\math\pgfmathfunctions.misc.
code.tex")
("C:\Program Files (x86)\MiKTeX 2.9\tex\generic\pgf\math\pgfmathfunctions.integ
erarithmetics.code.tex")))
("C:\Program Files (x86)\MiKTeX 2.9\tex\generic\pgf\math\pgfmathfloat.code.tex"
\c@pgfmathroundto@lastzeros=\count96
))
("C:\Program Files (x86)\MiKTeX 2.9\tex\generic\pgf\basiclayer\pgfcorepoints.co
de.tex"
File: pgfcorepoints.code.tex 2013/10/07  (rcs-revision 1.27)
\pgf@picminx=\dimen121
\pgf@picmaxx=\dimen122
\pgf@picminy=\dimen123
\pgf@picmaxy=\dimen124
\pgf@pathminx=\dimen125
\pgf@pathmaxx=\dimen126
\pgf@pathminy=\dimen127
\pgf@pathmaxy=\dimen128
\pgf@xx=\dimen129
\pgf@xy=\dimen130
\pgf@yx=\dimen131
\pgf@yy=\dimen132
\pgf@zx=\dimen133
\pgf@zy=\dimen134
)
("C:\Program Files (x86)\MiKTeX 2.9\tex\generic\pgf\basiclayer\pgfcorepathconst
ruct.code.tex"
File: pgfcorepathconstruct.code.tex 2013/10/07  (rcs-revision 1.29)
\pgf@path@lastx=\dimen135
\pgf@path@lasty=\dimen136
)
("C:\Program Files (x86)\MiKTeX 2.9\tex\generic\pgf\basiclayer\pgfcorepathusage
.code.tex"
File: pgfcorepathusage.code.tex 2014/11/02  (rcs-revision 1.24)
\pgf@shorten@end@additional=\dimen137
\pgf@shorten@start@additional=\dimen138
)
("C:\Program Files (x86)\MiKTeX 2.9\tex\generic\pgf\basiclayer\pgfcorescopes.co
de.tex"
File: pgfcorescopes.code.tex 2015/05/08  (rcs-revision 1.46)
\pgfpic=\box29
\pgf@hbox=\box30
\pgf@layerbox@main=\box31
\pgf@picture@serial@count=\count97
)
("C:\Program Files (x86)\MiKTeX 2.9\tex\generic\pgf\basiclayer\pgfcoregraphicst
ate.code.tex"
File: pgfcoregraphicstate.code.tex 2014/11/02  (rcs-revision 1.12)
\pgflinewidth=\dimen139
)
("C:\Program Files (x86)\MiKTeX 2.9\tex\generic\pgf\basiclayer\pgfcoretransform
ations.code.tex"
File: pgfcoretransformations.code.tex 2015/08/07  (rcs-revision 1.20)
\pgf@pt@x=\dimen140
\pgf@pt@y=\dimen141
\pgf@pt@temp=\dimen142
)
("C:\Program Files (x86)\MiKTeX 2.9\tex\generic\pgf\basiclayer\pgfcorequick.cod
e.tex"
File: pgfcorequick.code.tex 2008/10/09  (rcs-revision 1.3)
)
("C:\Program Files (x86)\MiKTeX 2.9\tex\generic\pgf\basiclayer\pgfcoreobjects.c
ode.tex"
File: pgfcoreobjects.code.tex 2006/10/11  (rcs-revision 1.2)
)
("C:\Program Files (x86)\MiKTeX 2.9\tex\generic\pgf\basiclayer\pgfcorepathproce
ssing.code.tex"
File: pgfcorepathprocessing.code.tex 2013/09/09  (rcs-revision 1.9)
)
("C:\Program Files (x86)\MiKTeX 2.9\tex\generic\pgf\basiclayer\pgfcorearrows.co
de.tex"
File: pgfcorearrows.code.tex 2015/05/14  (rcs-revision 1.43)
\pgfarrowsep=\dimen143
)
("C:\Program Files (x86)\MiKTeX 2.9\tex\generic\pgf\basiclayer\pgfcoreshade.cod
e.tex"
File: pgfcoreshade.code.tex 2013/07/15  (rcs-revision 1.15)
\pgf@max=\dimen144
\pgf@sys@shading@range@num=\count98
)
("C:\Program Files (x86)\MiKTeX 2.9\tex\generic\pgf\basiclayer\pgfcoreimage.cod
e.tex"
File: pgfcoreimage.code.tex 2013/07/15  (rcs-revision 1.18)

("C:\Program Files (x86)\MiKTeX 2.9\tex\generic\pgf\basiclayer\pgfcoreexternal.
code.tex"
File: pgfcoreexternal.code.tex 2014/07/09  (rcs-revision 1.21)
\pgfexternal@startupbox=\box32
))
("C:\Program Files (x86)\MiKTeX 2.9\tex\generic\pgf\basiclayer\pgfcorelayers.co
de.tex"
File: pgfcorelayers.code.tex 2013/07/18  (rcs-revision 1.7)
)
("C:\Program Files (x86)\MiKTeX 2.9\tex\generic\pgf\basiclayer\pgfcoretranspare
ncy.code.tex"
File: pgfcoretransparency.code.tex 2013/09/30  (rcs-revision 1.5)
)
("C:\Program Files (x86)\MiKTeX 2.9\tex\generic\pgf\basiclayer\pgfcorepatterns.
code.tex"
File: pgfcorepatterns.code.tex 2013/11/07  (rcs-revision 1.5)
)))
("C:\Program Files (x86)\MiKTeX 2.9\tex\generic\pgf\modules\pgfmoduleshapes.cod
e.tex"
File: pgfmoduleshapes.code.tex 2014/03/21  (rcs-revision 1.35)
\pgfnodeparttextbox=\box33
)
("C:\Program Files (x86)\MiKTeX 2.9\tex\generic\pgf\modules\pgfmoduleplot.code.
tex"
File: pgfmoduleplot.code.tex 2015/08/03  (rcs-revision 1.13)
)
("C:\Program Files (x86)\MiKTeX 2.9\tex\latex\pgf\compatibility\pgfcomp-version
-0-65.sty"
Package: pgfcomp-version-0-65 2007/07/03 v3.0.1a (rcs-revision 1.7)
\pgf@nodesepstart=\dimen145
\pgf@nodesepend=\dimen146
)
("C:\Program Files (x86)\MiKTeX 2.9\tex\latex\pgf\compatibility\pgfcomp-version
-1-18.sty"
Package: pgfcomp-version-1-18 2007/07/23 v3.0.1a (rcs-revision 1.1)
))
("C:\Program Files (x86)\MiKTeX 2.9\tex\latex\pgf\utilities\pgffor.sty"
("C:\Program Files (x86)\MiKTeX 2.9\tex\latex\pgf\utilities\pgfkeys.sty"
("C:\Program Files (x86)\MiKTeX 2.9\tex\generic\pgf\utilities\pgfkeys.code.tex"
)) ("C:\Program Files (x86)\MiKTeX 2.9\tex\latex\pgf\math\pgfmath.sty"
("C:\Program Files (x86)\MiKTeX 2.9\tex\generic\pgf\math\pgfmath.code.tex"))
("C:\Program Files (x86)\MiKTeX 2.9\tex\generic\pgf\utilities\pgffor.code.tex"
Package: pgffor 2013/12/13 v3.0.1a (rcs-revision 1.25)

("C:\Program Files (x86)\MiKTeX 2.9\tex\generic\pgf\math\pgfmath.code.tex")
\pgffor@iter=\dimen147
\pgffor@skip=\dimen148
\pgffor@stack=\toks28
\pgffor@toks=\toks29
))
("C:\Program Files (x86)\MiKTeX 2.9\tex\generic\pgf\frontendlayer\tikz\tikz.cod
e.tex"
Package: tikz 2015/08/07 v3.0.1a (rcs-revision 1.151)

("C:\Program Files (x86)\MiKTeX 2.9\tex\generic\pgf\libraries\pgflibraryplothan
dlers.code.tex"
File: pgflibraryplothandlers.code.tex 2013/08/31 v3.0.1a (rcs-revision 1.20)
\pgf@plot@mark@count=\count99
\pgfplotmarksize=\dimen149
)
\tikz@lastx=\dimen150
\tikz@lasty=\dimen151
\tikz@lastxsaved=\dimen152
\tikz@lastysaved=\dimen153
\tikzleveldistance=\dimen154
\tikzsiblingdistance=\dimen155
\tikz@figbox=\box34
\tikz@figbox@bg=\box35
\tikz@tempbox=\box36
\tikz@tempbox@bg=\box37
\tikztreelevel=\count100
\tikznumberofchildren=\count101
\tikznumberofcurrentchild=\count102
\tikz@fig@count=\count103

("C:\Program Files (x86)\MiKTeX 2.9\tex\generic\pgf\modules\pgfmodulematrix.cod
e.tex"
File: pgfmodulematrix.code.tex 2013/09/17  (rcs-revision 1.8)
\pgfmatrixcurrentrow=\count104
\pgfmatrixcurrentcolumn=\count105
\pgf@matrix@numberofcolumns=\count106
)
\tikz@expandcount=\count107

("C:\Program Files (x86)\MiKTeX 2.9\tex\generic\pgf\frontendlayer\tikz\librarie
s\tikzlibrarytopaths.code.tex"
File: tikzlibrarytopaths.code.tex 2008/06/17 v3.0.1a (rcs-revision 1.2)
)))
("C:\Program Files (x86)\MiKTeX 2.9\tex\generic\pgfplots\pgfplots.code.tex"
("C:\Program Files (x86)\MiKTeX 2.9\tex\generic\pgfplots\pgfplotscore.code.tex"
\t@pgfplots@toka=\toks30
\t@pgfplots@tokb=\toks31
\t@pgfplots@tokc=\toks32
\pgfplots@tmpa=\dimen156
\c@pgfplots@coordindex=\count108
\c@pgfplots@scanlineindex=\count109

("C:\Program Files (x86)\MiKTeX 2.9\tex\generic\pgfplots\sys\pgfplotssysgeneric
.code.tex"))
("C:\Program Files (x86)\MiKTeX 2.9\tex\generic\pgfplots\libs\pgfplotslibrary.c
ode.tex")
("C:\Program Files (x86)\MiKTeX 2.9\tex\generic\pgfplots\oldpgfcompatib\pgfplot
soldpgfsupp_loader.code.tex"
("C:\Program Files (x86)\MiKTeX 2.9\tex\generic\pgf\libraries\pgflibraryfpu.cod
e.tex")
Package pgfplots: loading complementary arithmetics for your pgf version...

("C:\Program Files (x86)\MiKTeX 2.9\tex\generic\pgfplots\oldpgfcompatib\pgfplot
soldpgfsupp_pgflibraryfpu.code.tex")
("C:\Program Files (x86)\MiKTeX 2.9\tex\generic\pgfplots\oldpgfcompatib\pgfplot
soldpgfsupp_pgfmathfloat.code.tex"
\c@pgfmathroundto@lastzeros=\count110
))
("C:\Program Files (x86)\MiKTeX 2.9\tex\generic\pgfplots\util\pgfplotsutil.code
.tex"
("C:\Program Files (x86)\MiKTeX 2.9\tex\generic\pgfplots\liststructure\pgfplots
liststructure.code.tex")
("C:\Program Files (x86)\MiKTeX 2.9\tex\generic\pgfplots\liststructure\pgfplots
liststructureext.code.tex")
("C:\Program Files (x86)\MiKTeX 2.9\tex\generic\pgfplots\liststructure\pgfplots
array.code.tex"
\c@pgfplotsarray@tmp=\count111
)
("C:\Program Files (x86)\MiKTeX 2.9\tex\generic\pgfplots\liststructure\pgfplots
matrix.code.tex")
("C:\Program Files (x86)\MiKTeX 2.9\tex\generic\pgfplots\numtable\pgfplotstable
shared.code.tex"
\c@pgfplotstable@counta=\count112
\t@pgfplotstable@a=\toks33
)
("C:\Program Files (x86)\MiKTeX 2.9\tex\generic\pgfplots\liststructure\pgfplots
deque.code.tex")
("C:\Program Files (x86)\MiKTeX 2.9\tex\generic\pgfplots\util\pgfplotsbinary.co
de.tex"
("C:\Program Files (x86)\MiKTeX 2.9\tex\generic\pgfplots\util\pgfplotsbinary.da
ta.code.tex"))
("C:\Program Files (x86)\MiKTeX 2.9\tex\generic\pgfplots\util\pgfplotsutil.verb
.code.tex")
("C:\Program Files (x86)\MiKTeX 2.9\tex\generic\pgfplots\libs\pgflibrarypgfplot
s.surfshading.code.tex"
\c@pgfplotslibrarysurf@no=\count113

("C:\Program Files (x86)\MiKTeX 2.9\tex\generic\pgfplots\sys\pgflibrarypgfplots
.surfshading.pgfsys-pdftex.def")))
("C:\Program Files (x86)\MiKTeX 2.9\tex\generic\pgfplots\util\pgfplotscolormap.
code.tex"
("C:\Program Files (x86)\MiKTeX 2.9\tex\generic\pgfplots\util\pgfplotscolor.cod
e.tex"))
("C:\Program Files (x86)\MiKTeX 2.9\tex\generic\pgfplots\pgfplotsstackedplots.c
ode.tex")
("C:\Program Files (x86)\MiKTeX 2.9\tex\generic\pgfplots\pgfplotsplothandlers.c
ode.tex"
("C:\Program Files (x86)\MiKTeX 2.9\tex\generic\pgfplots\pgfplotsmeshplothandle
r.code.tex"
("C:\Program Files (x86)\MiKTeX 2.9\tex\generic\pgfplots\pgfplotsmeshplotimage.
code.tex")))
("C:\Program Files (x86)\MiKTeX 2.9\tex\generic\pgfplots\pgfplots.scaling.code.
tex")
("C:\Program Files (x86)\MiKTeX 2.9\tex\generic\pgfplots\pgfplotscoordprocessin
g.code.tex")
("C:\Program Files (x86)\MiKTeX 2.9\tex\generic\pgfplots\pgfplots.errorbars.cod
e.tex")
("C:\Program Files (x86)\MiKTeX 2.9\tex\generic\pgfplots\pgfplots.markers.code.
tex")
("C:\Program Files (x86)\MiKTeX 2.9\tex\generic\pgfplots\pgfplotsticks.code.tex
")
("C:\Program Files (x86)\MiKTeX 2.9\tex\generic\pgfplots\pgfplots.paths.code.te
x")
("C:\Program Files (x86)\MiKTeX 2.9\tex\generic\pgf\frontendlayer\tikz\librarie
s\tikzlibrarydecorations.code.tex"
("C:\Program Files (x86)\MiKTeX 2.9\tex\generic\pgf\modules\pgfmoduledecoration
s.code.tex"
\pgfdecoratedcompleteddistance=\dimen157
\pgfdecoratedremainingdistance=\dimen158
\pgfdecoratedinputsegmentcompleteddistance=\dimen159
\pgfdecoratedinputsegmentremainingdistance=\dimen160
\pgf@decorate@distancetomove=\dimen161
\pgf@decorate@repeatstate=\count114
\pgfdecorationsegmentamplitude=\dimen162
\pgfdecorationsegmentlength=\dimen163
)
\tikz@lib@dec@box=\box38
)
("C:\Program Files (x86)\MiKTeX 2.9\tex\generic\pgf\frontendlayer\tikz\librarie
s\tikzlibrarydecorations.pathmorphing.code.tex"
("C:\Program Files (x86)\MiKTeX 2.9\tex\generic\pgf\libraries\decorations\pgfli
brarydecorations.pathmorphing.code.tex"))
("C:\Program Files (x86)\MiKTeX 2.9\tex\generic\pgf\frontendlayer\tikz\librarie
s\tikzlibrarydecorations.pathreplacing.code.tex"
("C:\Program Files (x86)\MiKTeX 2.9\tex\generic\pgf\libraries\decorations\pgfli
brarydecorations.pathreplacing.code.tex"))
\pgfplots@numplots=\count115
\pgfplots@xmin@reg=\dimen164
\pgfplots@xmax@reg=\dimen165
\pgfplots@ymin@reg=\dimen166
\pgfplots@ymax@reg=\dimen167
\pgfplots@zmin@reg=\dimen168
\pgfplots@zmax@reg=\dimen169
)
("C:\Program Files (x86)\MiKTeX 2.9\tex\generic\pgf\frontendlayer\tikz\librarie
s\tikzlibraryplotmarks.code.tex"
File: tikzlibraryplotmarks.code.tex 2008/01/09 v3.0.1a (rcs-revision 1.1)

("C:\Program Files (x86)\MiKTeX 2.9\tex\generic\pgf\libraries\pgflibraryplotmar
ks.code.tex"
File: pgflibraryplotmarks.code.tex 2015/08/03 v3.0.1a (rcs-revision 1.14)
)))

LaTeX Warning: Unused global option(s):
    [times,numbered,print,index,custombib].

(informe.aux (introduccion.aux) (estadodelarte.aux) (entorno.aux) (pruebas.aux)
(conclusiones.aux))
LaTeX Font Info:    Checking defaults for OML/cmm/m/it on input line 9.
LaTeX Font Info:    ... okay on input line 9.
LaTeX Font Info:    Checking defaults for T1/cmr/m/n on input line 9.
LaTeX Font Info:    ... okay on input line 9.
LaTeX Font Info:    Checking defaults for OT1/cmr/m/n on input line 9.
LaTeX Font Info:    ... okay on input line 9.
LaTeX Font Info:    Checking defaults for OMS/cmsy/m/n on input line 9.
LaTeX Font Info:    ... okay on input line 9.
LaTeX Font Info:    Checking defaults for OMX/cmex/m/n on input line 9.
LaTeX Font Info:    ... okay on input line 9.
LaTeX Font Info:    Checking defaults for U/cmr/m/n on input line 9.
LaTeX Font Info:    ... okay on input line 9.

("C:\Program Files (x86)\MiKTeX 2.9\tex\context\base\supp-pdf.mkii"
[Loading MPS to PDF converter (version 2006.09.02).]
\scratchcounter=\count116
\scratchdimen=\dimen170
\scratchbox=\box39
\nofMPsegments=\count117
\nofMParguments=\count118
\everyMPshowfont=\toks34
\MPscratchCnt=\count119
\MPscratchDim=\dimen171
\MPnumerator=\count120
\makeMPintoPDFobject=\count121
\everyMPtoPDFconversion=\toks35
) ABD: EveryShipout initializing macros
Package pgfplots notification 'compat/show suggested version=true': you might b
enefit from \pgfplotsset{compat=1.13} (current compat level: 1.9).

(informe.toc
LaTeX Font Info:    External font `cmex10' loaded for size
(Font)              <10.95> on input line 4.
LaTeX Font Info:    External font `cmex10' loaded for size
(Font)              <8> on input line 4.
LaTeX Font Info:    External font `cmex10' loaded for size
(Font)              <6> on input line 4.
)
\tf@toc=\write4
 [1


{C:/Users/Santiago/AppData/Local/MiKTeX/2.9/pdftex/config/pdftex.map}] (introdu
ccion.tex
Chapter 1.
) [2


] (estadodelarte.tex
Chapter 2.

Underfull \hbox (badness 10000) in paragraph at lines 2--3

 []


Underfull \hbox (badness 10000) in paragraph at lines 4--6

 []


Underfull \hbox (badness 10000) in paragraph at lines 7--9

 []


Underfull \hbox (badness 10000) in paragraph at lines 14--16

 []

[3



])
Underfull \hbox (badness 10000) in paragraph at lines 18--18

 []

[4] (entorno.tex
Chapter 3.
LaTeX Font Info:    Try loading font information for OMS+cmr on input line 8.
("C:\Program Files (x86)\MiKTeX 2.9\tex\latex\base\omscmr.fd"
File: omscmr.fd 2014/09/29 v2.5h Standard LaTeX font definitions
)
LaTeX Font Info:    Font shape `OMS/cmr/m/n' in size <10.95> not available
(Font)              Font shape `OMS/cmsy/m/n' tried instead on input line 8.
 [5



]
Underfull \hbox (badness 10000) in paragraph at lines 17--18

 []


Overfull \hbox (1.46194pt too wide) in paragraph at lines 22--23
[]\OT1/cmr/m/n/10.95 Facilidad de con-fig-u-racion. Es im-por-tante que el en-
torno pueda generar
 []

[6] <Imagenes/Entorno/clases_entorno.png, id=28, 429.10312pt x 202.50656pt>
File: Imagenes/Entorno/clases_entorno.png Graphic file (type png)

<use Imagenes/Entorno/clases_entorno.png>
Package pdftex.def Info: Imagenes/Entorno/clases_entorno.png used on input line
 36.
(pdftex.def)             Requested size: 278.91371pt x 131.62769pt.

Overfull \hbox (20.75627pt too wide) in paragraph at lines 45--46
\OT1/cmr/m/n/10.95 RAUSwitch tiene los sigu-ientes di-rec-to-rios pri-va-dos: /
var/log/, /var/log/quagga,
 []


Overfull \hbox (13.68947pt too wide) in paragraph at lines 45--46
\OT1/cmr/m/n/10.95 /var/run, /var/run/quagga, /var/run/openvswitch. Cada RAUSwi
tch tambien
 []


Underfull \hbox (badness 10000) in paragraph at lines 45--46

 []


Underfull \hbox (badness 10000) in paragraph at lines 45--46

 []

[7 <./Imagenes/Entorno/clases_entorno.png>]
Overfull \hbox (0.8304pt too wide) in paragraph at lines 47--49
[]\OT1/cmr/m/n/10.95 OpenVSwitch basicamente con-siste de 2 de-mo-nios (ovs-vs
witchd y ovsdb-
 []

<Imagenes/Entorno/ovs_dataplane.png, id=33, 356.33125pt x 290.08376pt>
File: Imagenes/Entorno/ovs_dataplane.png Graphic file (type png)

<use Imagenes/Entorno/ovs_dataplane.png>
Package pdftex.def Info: Imagenes/Entorno/ovs_dataplane.png used on input line 
52.
(pdftex.def)             Requested size: 231.61256pt x 188.5522pt.
 [8 <./Imagenes/Entorno/ovs_dataplane.png>]) [9] (pruebas.tex
Chapter 4.
[10



] <Imagenes/Pruebas/topo_chica.png, id=43, 990.70125pt x 385.44pt>
File: Imagenes/Pruebas/topo_chica.png Graphic file (type png)

<use Imagenes/Pruebas/topo_chica.png>
Package pdftex.def Info: Imagenes/Pruebas/topo_chica.png used on input line 22.

(pdftex.def)             Requested size: 396.27348pt x 154.17326pt.

Overfull \hbox (36.27348pt too wide) in paragraph at lines 22--25
 [][] 
 []

<Imagenes/Pruebas/topo_mediana.png, id=44, 2803.47375pt x 894.34125pt>
File: Imagenes/Pruebas/topo_mediana.png Graphic file (type png)

<use Imagenes/Pruebas/topo_mediana.png>
Package pdftex.def Info: Imagenes/Pruebas/topo_mediana.png used on input line 2
9.
(pdftex.def)             Requested size: 420.50293pt x 134.1454pt.

Overfull \hbox (60.50293pt too wide) in paragraph at lines 29--32
 [][] 
 []


Underfull \hbox (badness 10000) in paragraph at lines 35--40

 []


Underfull \hbox (badness 10000) in paragraph at lines 35--40

 []


Underfull \hbox (badness 10000) in paragraph at lines 35--40

 []

[11 <./Imagenes/Pruebas/topo_chica.png>]
Underfull \hbox (badness 10000) in paragraph at lines 59--60

 []

[12 <./Imagenes/Pruebas/topo_mediana.png>]
Underfull \hbox (badness 10000) in paragraph at lines 61--70

 []


Underfull \hbox (badness 10000) in paragraph at lines 61--70

 []


Underfull \hbox (badness 10000) in paragraph at lines 61--70

 []


Underfull \hbox (badness 10000) in paragraph at lines 61--70

 []


Underfull \hbox (badness 10000) in paragraph at lines 61--70

 []


Underfull \hbox (badness 10000) in paragraph at lines 61--70

 []

[13]
Underfull \hbox (badness 10000) in paragraph at lines 112--113

 []


Underfull \hbox (badness 10000) in paragraph at lines 115--116

 []


Underfull \hbox (badness 10000) in paragraph at lines 115--116

 []

[14]
Underfull \hbox (badness 10000) in paragraph at lines 121--129

 []


Underfull \hbox (badness 10000) in paragraph at lines 121--129

 []


Underfull \hbox (badness 10000) in paragraph at lines 121--129

 []


Underfull \hbox (badness 10000) in paragraph at lines 121--129

 []

[15] <Imagenes/Pruebas/cache_sample.png, id=63, 365.11406pt x 258.21469pt>
File: Imagenes/Pruebas/cache_sample.png Graphic file (type png)

<use Imagenes/Pruebas/cache_sample.png>
Package pdftex.def Info: Imagenes/Pruebas/cache_sample.png used on input line 1
54.
(pdftex.def)             Requested size: 365.11316pt x 258.21405pt.

Overfull \hbox (5.11316pt too wide) in paragraph at lines 154--157
 [][] 
 []


Underfull \hbox (badness 10000) in paragraph at lines 150--159

 []

[16] [17 <./Imagenes/Pruebas/cache_sample.png>]
Underfull \hbox (badness 10000) in paragraph at lines 210--212

 []

[18]
Underfull \hbox (badness 10000) in paragraph at lines 213--247

 []


Overfull \hbox (6.4899pt too wide) in paragraph at lines 213--247
[]
 []


Underfull \hbox (badness 10000) in paragraph at lines 213--247

 []


Underfull \hbox (badness 10000) in paragraph at lines 213--247

 []

[19]) [20] (conclusiones.tex
Chapter 5.
) [21



] (informe.aux (introduccion.aux) (estadodelarte.aux) (entorno.aux)
(pruebas.aux) (conclusiones.aux)) ) 
Here is how much of TeX's memory you used:
 21362 strings out of 493673
 560661 string characters out of 3141520
 736686 words of memory out of 3000000
 24339 multiletter control sequences out of 15000+200000
 9455 words of font info for 33 fonts, out of 3000000 for 9000
 1025 hyphenation exceptions out of 8191
 62i,18n,83p,1383b,2074s stack positions out of 5000i,500n,10000p,200000b,50000s
<C:/Program Files (x86)/MiKTeX 2.9/fonts/typ
e1/public/amsfonts/cm/cmbx10.pfb><C:/Program Files (x86)/MiKTeX 2.9/fonts/type1
/public/amsfonts/cm/cmbx12.pfb><C:/Program Files (x86)/MiKTeX 2.9/fonts/type1/p
ublic/amsfonts/cm/cmmi10.pfb><C:/Program Files (x86)/MiKTeX 2.9/fonts/type1/pub
lic/amsfonts/cm/cmr10.pfb><C:/Program Files (x86)/MiKTeX 2.9/fonts/type1/public
/amsfonts/cm/cmsy10.pfb><C:/Program Files (x86)/MiKTeX 2.9/fonts/type1/public/a
msfonts/cm/cmti10.pfb>
Output written on informe.pdf (21 pages, 359913 bytes).
PDF statistics:
 104 PDF objects out of 1000 (max. 8388607)
 0 named destinations out of 1000 (max. 500000)
 38 words of extra memory for PDF output out of 10000 (max. 10000000)

